# JRE version: OpenJDK Runtime Environment (17.0.10) (build 17.0.10+0--11609105)
# Java VM: OpenJDK 64-Bit Server VM (17.0.10+0--11609105, mixed mode, tiered, compressed oops, compressed class ptrs, g1 gc, windows-amd64)
GC Precious Log:
 CPUs: 8 total, 8 available
 Memory: 16198M
 Large Page Support: Disabled
 NUMA Support: Disabled
 Compressed Oops: Enabled (32-bit)
 Heap Region Size: 1M
 Heap Min Capacity: 8M
 Heap Initial Capacity: 254M
 Heap Max Capacity: 2G
 Pre-touch: Disabled
 Parallel Workers: 8
 Concurrent Workers: 2
 Concurrent Refinement Workers: 8
 Periodic GC: Disabled
Heap:
 garbage-first heap   total 288768K, used 191488K [0x0000000080000000, 0x0000000100000000)
  region size 1024K, 8 young (8192K), 8 survivors (8192K)
 Metaspace       used 121126K, committed 121920K, reserved 1179648K
  class space    used 16808K, committed 17216K, reserved 1048576K
GC Heap History (20 events):
Event: 10.624 GC heap after
{Heap after GC invocations=36 (full 0):
 garbage-first heap   total 236544K, used 96675K [0x0000000080000000, 0x0000000100000000)
  region size 1024K, 10 young (10240K), 10 survivors (10240K)
 Metaspace       used 97892K, committed 98560K, reserved 1179648K
  class space    used 13495K, committed 13824K, reserved 1048576K
}
Event: 11.500 GC heap before
{Heap before GC invocations=36 (full 0):
 garbage-first heap   total 236544K, used 191907K [0x0000000080000000, 0x0000000100000000)
  region size 1024K, 104 young (106496K), 10 survivors (10240K)
 Metaspace       used 105221K, committed 105984K, reserved 1179648K
  class space    used 14469K, committed 14784K, reserved 1048576K
}
Event: 11.509 GC heap after
{Heap after GC invocations=37 (full 0):
 garbage-first heap   total 236544K, used 104882K [0x0000000080000000, 0x0000000100000000)
  region size 1024K, 13 young (13312K), 13 survivors (13312K)
 Metaspace       used 105221K, committed 105984K, reserved 1179648K
  class space    used 14469K, committed 14784K, reserved 1048576K
}
Event: 12.076 GC heap before
{Heap before GC invocations=37 (full 0):
 garbage-first heap   total 236544K, used 197042K [0x0000000080000000, 0x0000000100000000)
  region size 1024K, 99 young (101376K), 13 survivors (13312K)
 Metaspace       used 108346K, committed 109184K, reserved 1179648K
  class space    used 14880K, committed 15296K, reserved 1048576K
}
Event: 12.087 GC heap after
{Heap after GC invocations=38 (full 0):
 garbage-first heap   total 236544K, used 110654K [0x0000000080000000, 0x0000000100000000)
  region size 1024K, 7 young (7168K), 7 survivors (7168K)
 Metaspace       used 108346K, committed 109184K, reserved 1179648K
  class space    used 14880K, committed 15296K, reserved 1048576K
}
Event: 12.876 GC heap before
{Heap before GC invocations=38 (full 0):
 garbage-first heap   total 236544K, used 192574K [0x0000000080000000, 0x0000000100000000)
  region size 1024K, 88 young (90112K), 7 survivors (7168K)
 Metaspace       used 109526K, committed 110336K, reserved 1179648K
  class space    used 15027K, committed 15424K, reserved 1048576K
}
Event: 12.882 GC heap after
{Heap after GC invocations=39 (full 0):
 garbage-first heap   total 236544K, used 113971K [0x0000000080000000, 0x0000000100000000)
  region size 1024K, 10 young (10240K), 10 survivors (10240K)
 Metaspace       used 109526K, committed 110336K, reserved 1179648K
  class space    used 15027K, committed 15424K, reserved 1048576K
}
Event: 13.231 GC heap before
{Heap before GC invocations=39 (full 0):
 garbage-first heap   total 236544K, used 192819K [0x0000000080000000, 0x0000000100000000)
  region size 1024K, 88 young (90112K), 10 survivors (10240K)
 Metaspace       used 111149K, committed 112000K, reserved 1179648K
  class space    used 15246K, committed 15680K, reserved 1048576K
}
Event: 13.239 GC heap after
{Heap after GC invocations=40 (full 0):
 garbage-first heap   total 236544K, used 122347K [0x0000000080000000, 0x0000000100000000)
  region size 1024K, 11 young (11264K), 11 survivors (11264K)
 Metaspace       used 111149K, committed 112000K, reserved 1179648K
  class space    used 15246K, committed 15680K, reserved 1048576K
}
Event: 13.440 GC heap before
{Heap before GC invocations=40 (full 0):
 garbage-first heap   total 236544K, used 191979K [0x0000000080000000, 0x0000000100000000)
  region size 1024K, 78 young (79872K), 11 survivors (11264K)
 Metaspace       used 112466K, committed 113280K, reserved 1179648K
  class space    used 15455K, committed 15872K, reserved 1048576K
}
Event: 13.446 GC heap after
{Heap after GC invocations=41 (full 0):
 garbage-first heap   total 236544K, used 137798K [0x0000000080000000, 0x0000000100000000)
  region size 1024K, 10 young (10240K), 10 survivors (10240K)
 Metaspace       used 112466K, committed 113280K, reserved 1179648K
  class space    used 15455K, committed 15872K, reserved 1048576K
}
Event: 13.772 GC heap before
{Heap before GC invocations=41 (full 0):
 garbage-first heap   total 236544K, used 187974K [0x0000000080000000, 0x0000000100000000)
  region size 1024K, 60 young (61440K), 10 survivors (10240K)
 Metaspace       used 115746K, committed 116544K, reserved 1179648K
  class space    used 15931K, committed 16320K, reserved 1048576K
}
Event: 13.780 GC heap after
{Heap after GC invocations=42 (full 0):
 garbage-first heap   total 288768K, used 142870K [0x0000000080000000, 0x0000000100000000)
  region size 1024K, 8 young (8192K), 8 survivors (8192K)
 Metaspace       used 115746K, committed 116544K, reserved 1179648K
  class space    used 15931K, committed 16320K, reserved 1048576K
}
Event: 13.980 GC heap before
{Heap before GC invocations=42 (full 0):
 garbage-first heap   total 288768K, used 226838K [0x0000000080000000, 0x0000000100000000)
  region size 1024K, 91 young (93184K), 8 survivors (8192K)
 Metaspace       used 117051K, committed 117888K, reserved 1179648K
  class space    used 16137K, committed 16576K, reserved 1048576K
}
Event: 13.997 GC heap after
{Heap after GC invocations=43 (full 0):
 garbage-first heap   total 288768K, used 158648K [0x0000000080000000, 0x0000000100000000)
  region size 1024K, 12 young (12288K), 12 survivors (12288K)
 Metaspace       used 117051K, committed 117888K, reserved 1179648K
  class space    used 16137K, committed 16576K, reserved 1048576K
}
Event: 14.163 GC heap before
{Heap before GC invocations=43 (full 0):
 garbage-first heap   total 288768K, used 228280K [0x0000000080000000, 0x0000000100000000)
  region size 1024K, 81 young (82944K), 12 survivors (12288K)
 Metaspace       used 118428K, committed 119296K, reserved 1179648K
  class space    used 16327K, committed 16768K, reserved 1048576K
}
Event: 14.182 GC heap after
{Heap after GC invocations=44 (full 0):
 garbage-first heap   total 288768K, used 171483K [0x0000000080000000, 0x0000000100000000)
  region size 1024K, 11 young (11264K), 11 survivors (11264K)
 Metaspace       used 118428K, committed 119296K, reserved 1179648K
  class space    used 16327K, committed 16768K, reserved 1048576K
}
Event: 14.321 GC heap before
{Heap before GC invocations=44 (full 0):
 garbage-first heap   total 288768K, used 230875K [0x0000000080000000, 0x0000000100000000)
  region size 1024K, 70 young (71680K), 11 survivors (11264K)
 Metaspace       used 119781K, committed 120640K, reserved 1179648K
  class space    used 16534K, committed 16960K, reserved 1048576K
}
Event: 14.335 GC heap after
{Heap after GC invocations=45 (full 0):
 garbage-first heap   total 288768K, used 181973K [0x0000000080000000, 0x0000000100000000)
  region size 1024K, 9 young (9216K), 9 survivors (9216K)
 Metaspace       used 119781K, committed 120640K, reserved 1179648K
  class space    used 16534K, committed 16960K, reserved 1048576K
}
Event: 14.505 GC heap before
{Heap before GC invocations=45 (full 0):
 garbage-first heap   total 288768K, used 235221K [0x0000000080000000, 0x0000000100000000)
  region size 1024K, 61 young (62464K), 9 survivors (9216K)
 Metaspace       used 121126K, committed 121920K, reserved 1179648K
  class space    used 16808K, committed 17216K, reserved 1048576K
}

