# JRE version: OpenJDK Runtime Environment (17.0.10) (build 17.0.10+0--11609105)
# Java VM: OpenJDK 64-Bit Server VM (17.0.10+0--11609105, mixed mode, tiered, compressed oops, compressed class ptrs, g1 gc, windows-amd64)
GC Precious Log:
 CPUs: 8 total, 8 available
 Memory: 16198M
 Large Page Support: Disabled
 NUMA Support: Disabled
 Compressed Oops: Enabled (32-bit)
 Heap Region Size: 1M
 Heap Min Capacity: 8M
 Heap Initial Capacity: 254M
 Heap Max Capacity: 2G
 Pre-touch: Disabled
 Parallel Workers: 8
 Concurrent Workers: 2
 Concurrent Refinement Workers: 8
 Periodic GC: Disabled
Heap:
 garbage-first heap   total 407552K, used 247598K [0x0000000080000000, 0x0000000100000000)
  region size 1024K, 13 young (13312K), 13 survivors (13312K)
 Metaspace       used 133295K, committed 134080K, reserved 1179648K
  class space    used 18534K, committed 18880K, reserved 1048576K
GC Heap History (20 events):
Event: 14.008 GC heap after
{Heap after GC invocations=40 (full 0):
 garbage-first heap   total 203776K, used 133120K [0x0000000080000000, 0x0000000100000000)
  region size 1024K, 6 young (6144K), 6 survivors (6144K)
 Metaspace       used 111118K, committed 111936K, reserved 1179648K
  class space    used 15203K, committed 15616K, reserved 1048576K
}
Event: 14.259 GC heap before
{Heap before GC invocations=40 (full 0):
 garbage-first heap   total 203776K, used 182272K [0x0000000080000000, 0x0000000100000000)
  region size 1024K, 38 young (38912K), 6 survivors (6144K)
 Metaspace       used 111398K, committed 112192K, reserved 1179648K
  class space    used 15230K, committed 15616K, reserved 1048576K
}
Event: 14.265 GC heap after
{Heap after GC invocations=41 (full 0):
 garbage-first heap   total 203776K, used 134992K [0x0000000080000000, 0x0000000100000000)
  region size 1024K, 3 young (3072K), 3 survivors (3072K)
 Metaspace       used 111398K, committed 112192K, reserved 1179648K
  class space    used 15230K, committed 15616K, reserved 1048576K
}
Event: 14.526 GC heap before
{Heap before GC invocations=41 (full 0):
 garbage-first heap   total 203776K, used 165712K [0x0000000080000000, 0x0000000100000000)
  region size 1024K, 34 young (34816K), 3 survivors (3072K)
 Metaspace       used 112868K, committed 113664K, reserved 1179648K
  class space    used 15372K, committed 15744K, reserved 1048576K
}
Event: 14.532 GC heap after
{Heap after GC invocations=42 (full 0):
 garbage-first heap   total 203776K, used 138863K [0x0000000080000000, 0x0000000100000000)
  region size 1024K, 5 young (5120K), 5 survivors (5120K)
 Metaspace       used 112868K, committed 113664K, reserved 1179648K
  class space    used 15372K, committed 15744K, reserved 1048576K
}
Event: 14.848 GC heap before
{Heap before GC invocations=42 (full 0):
 garbage-first heap   total 203776K, used 167535K [0x0000000080000000, 0x0000000100000000)
  region size 1024K, 34 young (34816K), 5 survivors (5120K)
 Metaspace       used 113546K, committed 114304K, reserved 1179648K
  class space    used 15439K, committed 15808K, reserved 1048576K
}
Event: 14.854 GC heap after
{Heap after GC invocations=43 (full 0):
 garbage-first heap   total 203776K, used 142109K [0x0000000080000000, 0x0000000100000000)
  region size 1024K, 5 young (5120K), 5 survivors (5120K)
 Metaspace       used 113546K, committed 114304K, reserved 1179648K
  class space    used 15439K, committed 15808K, reserved 1048576K
}
Event: 15.069 GC heap before
{Heap before GC invocations=43 (full 0):
 garbage-first heap   total 203776K, used 167709K [0x0000000080000000, 0x0000000100000000)
  region size 1024K, 31 young (31744K), 5 survivors (5120K)
 Metaspace       used 113641K, committed 114432K, reserved 1179648K
  class space    used 15447K, committed 15808K, reserved 1048576K
}
Event: 15.074 GC heap after
{Heap after GC invocations=44 (full 0):
 garbage-first heap   total 407552K, used 144384K [0x0000000080000000, 0x0000000100000000)
  region size 1024K, 4 young (4096K), 4 survivors (4096K)
 Metaspace       used 113641K, committed 114432K, reserved 1179648K
  class space    used 15447K, committed 15808K, reserved 1048576K
}
Event: 15.736 GC heap before
{Heap before GC invocations=44 (full 0):
 garbage-first heap   total 407552K, used 294911K [0x0000000080000000, 0x0000000100000000)
  region size 1024K, 150 young (153600K), 4 survivors (4096K)
 Metaspace       used 118303K, committed 119104K, reserved 1179648K
  class space    used 16014K, committed 16384K, reserved 1048576K
}
Event: 15.747 GC heap after
{Heap after GC invocations=45 (full 0):
 garbage-first heap   total 407552K, used 168830K [0x0000000080000000, 0x0000000100000000)
  region size 1024K, 19 young (19456K), 19 survivors (19456K)
 Metaspace       used 118303K, committed 119104K, reserved 1179648K
  class space    used 16014K, committed 16384K, reserved 1048576K
}
Event: 16.343 GC heap before
{Heap before GC invocations=45 (full 0):
 garbage-first heap   total 407552K, used 288638K [0x0000000080000000, 0x0000000100000000)
  region size 1024K, 137 young (140288K), 19 survivors (19456K)
 Metaspace       used 122718K, committed 123456K, reserved 1179648K
  class space    used 16722K, committed 17088K, reserved 1048576K
}
Event: 16.363 GC heap after
{Heap after GC invocations=46 (full 0):
 garbage-first heap   total 407552K, used 181510K [0x0000000080000000, 0x0000000100000000)
  region size 1024K, 18 young (18432K), 18 survivors (18432K)
 Metaspace       used 122718K, committed 123456K, reserved 1179648K
  class space    used 16722K, committed 17088K, reserved 1048576K
}
Event: 16.713 GC heap before
{Heap before GC invocations=46 (full 0):
 garbage-first heap   total 407552K, used 298246K [0x0000000080000000, 0x0000000100000000)
  region size 1024K, 133 young (136192K), 18 survivors (18432K)
 Metaspace       used 126000K, committed 126784K, reserved 1179648K
  class space    used 17237K, committed 17600K, reserved 1048576K
}
Event: 16.737 GC heap after
{Heap after GC invocations=47 (full 0):
 garbage-first heap   total 407552K, used 200470K [0x0000000080000000, 0x0000000100000000)
  region size 1024K, 17 young (17408K), 17 survivors (17408K)
 Metaspace       used 126000K, committed 126784K, reserved 1179648K
  class space    used 17237K, committed 17600K, reserved 1048576K
}
Event: 17.043 GC heap before
{Heap before GC invocations=47 (full 0):
 garbage-first heap   total 407552K, used 309014K [0x0000000080000000, 0x0000000100000000)
  region size 1024K, 124 young (126976K), 17 survivors (17408K)
 Metaspace       used 128111K, committed 128896K, reserved 1179648K
  class space    used 17641K, committed 18048K, reserved 1048576K
}
Event: 17.068 GC heap after
{Heap after GC invocations=48 (full 0):
 garbage-first heap   total 407552K, used 218112K [0x0000000080000000, 0x0000000100000000)
  region size 1024K, 16 young (16384K), 16 survivors (16384K)
 Metaspace       used 128111K, committed 128896K, reserved 1179648K
  class space    used 17641K, committed 18048K, reserved 1048576K
}
Event: 17.354 GC heap before
{Heap before GC invocations=48 (full 0):
 garbage-first heap   total 407552K, used 318464K [0x0000000080000000, 0x0000000100000000)
  region size 1024K, 115 young (117760K), 16 survivors (16384K)
 Metaspace       used 131062K, committed 131840K, reserved 1179648K
  class space    used 18142K, committed 18496K, reserved 1048576K
}
Event: 17.377 GC heap after
{Heap after GC invocations=49 (full 0):
 garbage-first heap   total 407552K, used 233906K [0x0000000080000000, 0x0000000100000000)
  region size 1024K, 14 young (14336K), 14 survivors (14336K)
 Metaspace       used 131062K, committed 131840K, reserved 1179648K
  class space    used 18142K, committed 18496K, reserved 1048576K
}
Event: 17.722 GC heap before
{Heap before GC invocations=49 (full 0):
 garbage-first heap   total 407552K, used 326066K [0x0000000080000000, 0x0000000100000000)
  region size 1024K, 105 young (107520K), 14 survivors (14336K)
 Metaspace       used 133295K, committed 134080K, reserved 1179648K
  class space    used 18534K, committed 18880K, reserved 1048576K
}

