# JRE version: OpenJDK Runtime Environment (17.0.10) (build 17.0.10+0--11609105)
# Java VM: OpenJDK 64-Bit Server VM (17.0.10+0--11609105, mixed mode, tiered, compressed oops, compressed class ptrs, g1 gc, windows-amd64)
GC Precious Log:
 CPUs: 8 total, 8 available
 Memory: 16198M
 Large Page Support: Disabled
 NUMA Support: Disabled
 Compressed Oops: Enabled (32-bit)
 Heap Region Size: 1M
 Heap Min Capacity: 8M
 Heap Initial Capacity: 254M
 Heap Max Capacity: 2G
 Pre-touch: Disabled
 Parallel Workers: 8
 Concurrent Workers: 2
 Concurrent Refinement Workers: 8
 Periodic GC: Disabled
Heap:
 garbage-first heap   total 314368K, used 209187K [0x0000000080000000, 0x0000000100000000)
  region size 1024K, 9 young (9216K), 9 survivors (9216K)
 Metaspace       used 122566K, committed 123392K, reserved 1179648K
  class space    used 17108K, committed 17536K, reserved 1048576K
GC Heap History (20 events):
Event: 13.299 GC heap after
{Heap after GC invocations=34 (full 0):
 garbage-first heap   total 215040K, used 114325K [0x0000000080000000, 0x0000000100000000)
  region size 1024K, 8 young (8192K), 8 survivors (8192K)
 Metaspace       used 109637K, committed 110464K, reserved 1179648K
  class space    used 15074K, committed 15488K, reserved 1048576K
}
Event: 13.713 GC heap before
{Heap before GC invocations=34 (full 0):
 garbage-first heap   total 215040K, used 175765K [0x0000000080000000, 0x0000000100000000)
  region size 1024K, 69 young (70656K), 8 survivors (8192K)
 Metaspace       used 111134K, committed 111936K, reserved 1179648K
  class space    used 15282K, committed 15680K, reserved 1048576K
}
Event: 13.719 GC heap after
{Heap after GC invocations=35 (full 0):
 garbage-first heap   total 215040K, used 119097K [0x0000000080000000, 0x0000000100000000)
  region size 1024K, 7 young (7168K), 7 survivors (7168K)
 Metaspace       used 111134K, committed 111936K, reserved 1179648K
  class space    used 15282K, committed 15680K, reserved 1048576K
}
Event: 13.846 GC heap before
{Heap before GC invocations=35 (full 0):
 garbage-first heap   total 215040K, used 177465K [0x0000000080000000, 0x0000000100000000)
  region size 1024K, 63 young (64512K), 7 survivors (7168K)
 Metaspace       used 112038K, committed 112832K, reserved 1179648K
  class space    used 15406K, committed 15808K, reserved 1048576K
}
Event: 13.852 GC heap after
{Heap after GC invocations=36 (full 0):
 garbage-first heap   total 215040K, used 133514K [0x0000000080000000, 0x0000000100000000)
  region size 1024K, 8 young (8192K), 8 survivors (8192K)
 Metaspace       used 112038K, committed 112832K, reserved 1179648K
  class space    used 15406K, committed 15808K, reserved 1048576K
}
Event: 14.099 GC heap before
{Heap before GC invocations=36 (full 0):
 garbage-first heap   total 215040K, used 173450K [0x0000000080000000, 0x0000000100000000)
  region size 1024K, 48 young (49152K), 8 survivors (8192K)
 Metaspace       used 114037K, committed 114880K, reserved 1179648K
  class space    used 15725K, committed 16128K, reserved 1048576K
}
Event: 14.102 GC heap after
{Heap after GC invocations=37 (full 0):
 garbage-first heap   total 215040K, used 137139K [0x0000000080000000, 0x0000000100000000)
  region size 1024K, 6 young (6144K), 6 survivors (6144K)
 Metaspace       used 114037K, committed 114880K, reserved 1179648K
  class space    used 15725K, committed 16128K, reserved 1048576K
}
Event: 14.301 GC heap before
{Heap before GC invocations=37 (full 0):
 garbage-first heap   total 215040K, used 174003K [0x0000000080000000, 0x0000000100000000)
  region size 1024K, 43 young (44032K), 6 survivors (6144K)
 Metaspace       used 115554K, committed 116352K, reserved 1179648K
  class space    used 15928K, committed 16320K, reserved 1048576K
}
Event: 14.309 GC heap after
{Heap after GC invocations=38 (full 0):
 garbage-first heap   total 215040K, used 144325K [0x0000000080000000, 0x0000000100000000)
  region size 1024K, 6 young (6144K), 6 survivors (6144K)
 Metaspace       used 115554K, committed 116352K, reserved 1179648K
  class space    used 15928K, committed 16320K, reserved 1048576K
}
Event: 14.393 GC heap before
{Heap before GC invocations=38 (full 0):
 garbage-first heap   total 215040K, used 176069K [0x0000000080000000, 0x0000000100000000)
  region size 1024K, 38 young (38912K), 6 survivors (6144K)
 Metaspace       used 116140K, committed 116928K, reserved 1179648K
  class space    used 16009K, committed 16384K, reserved 1048576K
}
Event: 14.403 GC heap after
{Heap after GC invocations=39 (full 0):
 garbage-first heap   total 215040K, used 150828K [0x0000000080000000, 0x0000000100000000)
  region size 1024K, 5 young (5120K), 5 survivors (5120K)
 Metaspace       used 116140K, committed 116928K, reserved 1179648K
  class space    used 16009K, committed 16384K, reserved 1048576K
}
Event: 14.455 GC heap before
{Heap before GC invocations=39 (full 0):
 garbage-first heap   total 215040K, used 177452K [0x0000000080000000, 0x0000000100000000)
  region size 1024K, 32 young (32768K), 5 survivors (5120K)
 Metaspace       used 116489K, committed 117248K, reserved 1179648K
  class space    used 16072K, committed 16448K, reserved 1048576K
}
Event: 14.465 GC heap after
{Heap after GC invocations=40 (full 0):
 garbage-first heap   total 314368K, used 156843K [0x0000000080000000, 0x0000000100000000)
  region size 1024K, 4 young (4096K), 4 survivors (4096K)
 Metaspace       used 116489K, committed 117248K, reserved 1179648K
  class space    used 16072K, committed 16448K, reserved 1048576K
}
Event: 14.697 GC heap before
{Heap before GC invocations=40 (full 0):
 garbage-first heap   total 314368K, used 241835K [0x0000000080000000, 0x0000000100000000)
  region size 1024K, 88 young (90112K), 4 survivors (4096K)
 Metaspace       used 118456K, committed 119296K, reserved 1179648K
  class space    used 16365K, committed 16768K, reserved 1048576K
}
Event: 14.713 GC heap after
{Heap after GC invocations=41 (full 0):
 garbage-first heap   total 314368K, used 172676K [0x0000000080000000, 0x0000000100000000)
  region size 1024K, 11 young (11264K), 11 survivors (11264K)
 Metaspace       used 118456K, committed 119296K, reserved 1179648K
  class space    used 16365K, committed 16768K, reserved 1048576K
}
Event: 14.883 GC heap before
{Heap before GC invocations=41 (full 0):
 garbage-first heap   total 314368K, used 246404K [0x0000000080000000, 0x0000000100000000)
  region size 1024K, 84 young (86016K), 11 survivors (11264K)
 Metaspace       used 119959K, committed 120704K, reserved 1179648K
  class space    used 16592K, committed 16960K, reserved 1048576K
}
Event: 14.901 GC heap after
{Heap after GC invocations=42 (full 0):
 garbage-first heap   total 314368K, used 185312K [0x0000000080000000, 0x0000000100000000)
  region size 1024K, 11 young (11264K), 11 survivors (11264K)
 Metaspace       used 119959K, committed 120704K, reserved 1179648K
  class space    used 16592K, committed 16960K, reserved 1048576K
}
Event: 15.090 GC heap before
{Heap before GC invocations=42 (full 0):
 garbage-first heap   total 314368K, used 251872K [0x0000000080000000, 0x0000000100000000)
  region size 1024K, 77 young (78848K), 11 survivors (11264K)
 Metaspace       used 121537K, committed 122368K, reserved 1179648K
  class space    used 16918K, committed 17344K, reserved 1048576K
}
Event: 15.107 GC heap after
{Heap after GC invocations=43 (full 0):
 garbage-first heap   total 314368K, used 197632K [0x0000000080000000, 0x0000000100000000)
  region size 1024K, 10 young (10240K), 10 survivors (10240K)
 Metaspace       used 121537K, committed 122368K, reserved 1179648K
  class space    used 16918K, committed 17344K, reserved 1048576K
}
Event: 15.223 GC heap before
{Heap before GC invocations=43 (full 0):
 garbage-first heap   total 314368K, used 254976K [0x0000000080000000, 0x0000000100000000)
  region size 1024K, 67 young (68608K), 10 survivors (10240K)
 Metaspace       used 122566K, committed 123392K, reserved 1179648K
  class space    used 17108K, committed 17536K, reserved 1048576K
}

